POST /api/todos/ 201 156.428 ms - 91 {"name":"XYZ","priority":"medium"} - 50
GET /api/todos/86bfea42-8c2a-4357-9a15-8d2397d371ec 200 41.856 ms - 162 {} - -
GET / 200 21.312 ms - 36 {} - -
GET /favicon.ico 404 4.123 ms - 150 {} - -
GET //api/todos 404 3.034 ms - 149 {} - -
GET /api/todos 200 98.319 ms - 1939 {} - -
POST /api/user/ 400 303.270 ms - 153 {"name":"QQQ","priority":"medium"} - 50
POST /api/user/ 201 659.608 ms - 102 {"email":"admin@todoapp.com","username":"admin","password":"$2a$10$DLqcFbmO6uT.zEX/fSMzuu5iMqSj2zqYwVGcSFS4dTEBbVOsWN4HS"} - 90
POST /api/user/register 201 330.779 ms - 110 {"email":"admin@todoapp.com","username":"admin","password":"$2a$10$FTR6U6RTs0lNbeDZyUeZYesiSa8hMwm6cBnCYh.CCnpE2cnQiMTzG"} - 90
POST /api/auth/ 404 1.752 ms - 149 {"username":"admin"} - 31
POST /api/auth/ 400 123.701 ms - 159 {"username":"admin"} - 31
POST /api/auth/ 200 336.562 ms - 282 {"username":"admin","password":"admin"} - 55
GET /api/todos 200 10.572 ms - 1939 {} - -
GET /api/todos 401 4.724 ms - 36 {} - -
GET /api/todos 401 1.002 ms - 36 {} - -
GET /api/todos 401 8.411 ms - 34 {} - -
GET /api/todos 401 0.644 ms - 36 {} - -
GET /api/todos 401 16.980 ms - 34 {} - -
POST /api/auth/ 200 413.827 ms - 282 {"username":"admin","password":"admin"} - 55
GET /api/todos 200 10.284 ms - 2079 {} - -
GET /api/todos 200 69.186 ms - 2079 {} - -
GET /api/todos 401 22.336 ms - 34 {} - -
POST /api/auth/ 401 394.465 ms - 23 {"username":"admin","password":"admin2"} - 56
POST /api/auth/ 200 165.646 ms - 306 {"username":"admin","password":"admin"} - 55
POST /api/auth/ 200 329.118 ms - 306 {"username":"admin","password":"admin"} - 55
POST /api/auth/refresh 200 116.918 ms - 65 {"accessToken":"eyJhbGciOiJIUzI1NiIsInR5cCI6IkpXVCJ9.eyJ1c2VySWQiOiJlZTI2M2M4YS0yOWI5LTQ3YzYtODc0Yi0zYWM1OTRkMjg5MzgiLCJyb2xlcyI6Imd1ZXN0IiwiaWF0IjoxNjk2OTExNTM1LCJleHAiOjE2OTY5MTIxMzV9.D2KwunOZVY2jN9aDg-siyuOtlFSnFZ8KspbKSIAo9Zg","refreshToken":"aa52ad6b-2f59-4677-b218-ab9b7856bba7"} - 301
POST /api/auth/ 401 231.807 ms - 23 {"username":"admin","password":"admin2"} - 56
POST /api/auth/ 200 169.294 ms - 306 {"username":"admin","password":"admin"} - 55
POST /api/auth/refresh 200 116.412 ms - 65 {"accessToken":"eyJhbGciOiJIUzI1NiIsInR5cCI6IkpXVCJ9.eyJ1c2VySWQiOiJlZTI2M2M4YS0yOWI5LTQ3YzYtODc0Yi0zYWM1OTRkMjg5MzgiLCJyb2xlcyI6Imd1ZXN0IiwiaWF0IjoxNjk2OTExNTM1LCJleHAiOjE2OTY5MTIxMzV9.D2KwunOZVY2jN9aDg-siyuOtlFSnFZ8KspbKSIAo9Zg","refreshToken":"aa52ad6b-2f59-4677-b218-ab9b7856bba7"} - 301
POST /api/auth/refresh 401 44.340 ms - 34 {"accessToken":"eyJhbGciOiJIUzI1NiIsInR5cCI6IkpXVCJ9.eyJ1c2VySWQiOiJlZTI2M2M4YS0yOWI5LTQ3YzYtODc0Yi0zYWM1OTRkMjg5MzgiLCJyb2xlcyI6Imd1ZXN0IiwiaWF0IjoxNjk2OTExNTM1LCJleHAiOjE2OTY5MTIxMzV9.D2KwunOZVY2jN9aDg-siyuOtlFSnFZ8KspbKSIAo","refreshToken":"aa52ad6b-2f59-4677-b218-ab9b7856bba7"} - 298
POST /api/auth/refresh 200 29.318 ms - 65 {"accessToken":"eyJhbGciOiJIUzI1NiIsInR5cCI6IkpXVCJ9.eyJ1c2VySWQiOiJlZTI2M2M4YS0yOWI5LTQ3YzYtODc0Yi0zYWM1OTRkMjg5MzgiLCJyb2xlcyI6Imd1ZXN0IiwiaWF0IjoxNjk2OTExNTM1LCJleHAiOjE2OTY5MTIxMzV9.D2KwunOZVY2jN9aDg-siyuOtlFSnFZ8KspbKSIAo9Zg","refreshToken":"aa52ad6b-2f59-4677-b218-ab9b7856bba7"} - 301
GET /api/todos 401 17.593 ms - 34 {} - -
POST /api/auth/refresh 401 112.566 ms - 34 {"accessToken":"eyJhbGciOiJIUzI1NiIsInR5cCI6IkpXVCJ9.eyJ1c2VySWQiOiJlZTI2M2M4YS0yOWI5LTQ3YzYtODc0Yi0zYWM1OTRkMjg5MzgiLCJyb2xlcyI6Imd1ZXN0IiwiaWF0IjoxNjk2OTExNTM1LCJleHAiOjE2OTY5MTIxMzV9.D2KwunOZVY2jN9aDg-siyuOtlFSnFZ8KspbKSIAo9Zg","refreshToken":"aa52ad6b-2f59-4677-b218-ab9b7856bba7"} - 301
POST /api/auth/refresh 401 57.561 ms - 34 {"accessToken":"eyJhbGciOiJIUzI1NiIsInR5cCI6IkpXVCJ9.eyJ1c2VySWQiOiJlZTI2M2M4YS0yOWI5LTQ3YzYtODc0Yi0zYWM1OTRkMjg5MzgiLCJyb2xlcyI6Imd1ZXN0IiwiaWF0IjoxNjk2OTExNTM1LCJleHAiOjE2OTY5MTIxMzV9.D2KwunOZVY2jN9aDg-siyuOtlFSnFZ8KspbKSIAo9Zg","refreshToken":"aa52ad6b-2f59-4677-b218-ab9b7856bba7"} - 301
POST /api/auth/refresh 401 151.245 ms - 37 {"accessToken":"eyJhbGciOiJIUzI1NiIsInR5cCI6IkpXVCJ9.eyJ1c2VySWQiOiJlZTI2M2M4YS0yOWI5LTQ3YzYtODc0Yi0zYWM1OTRkMjg5MzgiLCJyb2xlcyI6Imd1ZXN0IiwiaWF0IjoxNjk2OTExNTM1LCJleHAiOjE2OTY5MTIxMzV9.D2KwunOZVY2jN9aDg-siyuOtlFSnFZ8KspbKSIAo9Zg","refreshToken":"aa52ad6b-2f59-4677-b218-ab9b7856bba7_"} - 302
POST /api/auth/refresh 401 45.408 ms - 37 {"accessToken":"eyJhbGciOiJIUzI1NiIsInR5cCI6IkpXVCJ9.eyJ1c2VySWQiOiJlZTI2M2M4YS0yOWI5LTQ3YzYtODc0Yi0zYWM1OTRkMjg5MzgiLCJyb2xlcyI6Imd1ZXN0IiwiaWF0IjoxNjk2OTExNTM1LCJleHAiOjE2OTY5MTIxMzV9.D2KwunOZVY2jN9aDg-siyuOtlFSnFZ8KspbKSIAo9Zg","refreshToken":"aa52ad6b-2f59-4677-b218-ab9b7856bba7"} - 301
POST /api/auth/refresh 401 30.482 ms - 37 {"accessToken":"eyJhbGciOiJIUzI1NiIsInR5cCI6IkpXVCJ9.eyJ1c2VySWQiOiJlZTI2M2M4YS0yOWI5LTQ3YzYtODc0Yi0zYWM1OTRkMjg5MzgiLCJyb2xlcyI6Imd1ZXN0IiwiaWF0IjoxNjk2OTExNTM1LCJleHAiOjE2OTY5MTIxMzV9.D2KwunOZVY2jN9aDg-siyuOtlFSnFZ8KspbKSIAo9Zg","refreshToken":"aa52ad6b-2f59-4677-b218-ab9b7856bba7"} - 301
POST /api/auth/refresh 200 34.478 ms - 231 {"accessToken":"eyJhbGciOiJIUzI1NiIsInR5cCI6IkpXVCJ9.eyJ1c2VySWQiOiJlZTI2M2M4YS0yOWI5LTQ3YzYtODc0Yi0zYWM1OTRkMjg5MzgiLCJyb2xlcyI6Imd1ZXN0IiwiaWF0IjoxNjk2OTExNTM1LCJleHAiOjE2OTY5MTIxMzV9.D2KwunOZVY2jN9aDg-siyuOtlFSnFZ8KspbKSIAo9Zg","refreshToken":"7e66a5dc-acdd-4dac-86e5-b847c0a03c0c"} - 301
GET /api/todos 401 11.189 ms - 34 {} - -
GET /api/todos 200 10.880 ms - 2079 {} - -
POST /api/auth/refresh 200 31.590 ms - 231 {"accessToken":"eyJhbGciOiJIUzI1NiIsInR5cCI6IkpXVCJ9.eyJ1c2VySWQiOiJlZTI2M2M4YS0yOWI5LTQ3YzYtODc0Yi0zYWM1OTRkMjg5MzgiLCJyb2xlcyI6Imd1ZXN0IiwiaWF0IjoxNjk2OTExNTM1LCJleHAiOjE2OTY5MTIxMzV9.D2KwunOZVY2jN9aDg-siyuOtlFSnFZ8KspbKSIAo9Zg","refreshToken":"7e66a5dc-acdd-4dac-86e5-b847c0a03c0c"} - 301
POST /api/auth/refresh 200 31.999 ms - 231 {"accessToken":"eyJhbGciOiJIUzI1NiIsInR5cCI6IkpXVCJ9.eyJ1c2VySWQiOiJlZTI2M2M4YS0yOWI5LTQ3YzYtODc0Yi0zYWM1OTRkMjg5MzgiLCJyb2xlcyI6Imd1ZXN0IiwiaWF0IjoxNjk2OTExNTM1LCJleHAiOjE2OTY5MTIxMzV9.D2KwunOZVY2jN9aDg-siyuOtlFSnFZ8KspbKSIAo9Zg","refreshToken":"7e66a5dc-acdd-4dac-86e5-b847c0a03c0c"} - 301
POST /api/auth/refresh 200 32.371 ms - 231 {"accessToken":"eyJhbGciOiJIUzI1NiIsInR5cCI6IkpXVCJ9.eyJ1c2VySWQiOiJlZTI2M2M4YS0yOWI5LTQ3YzYtODc0Yi0zYWM1OTRkMjg5MzgiLCJyb2xlcyI6Imd1ZXN0IiwiaWF0IjoxNjk2OTExNTM1LCJleHAiOjE2OTY5MTIxMzV9.D2KwunOZVY2jN9aDg-siyuOtlFSnFZ8KspbKSIAo9Zg","refreshToken":"7e66a5dc-acdd-4dac-86e5-b847c0a03c0c"} - 301
POST /api/auth/refresh 401 29.332 ms - 37 {"accessToken":"eyJhbGciOiJIUzI1NiIsInR5cCI6IkpXVCJ9.eyJ1c2VySWQiOiJlZTI2M2M4YS0yOWI5LTQ3YzYtODc0Yi0zYWM1OTRkMjg5MzgiLCJyb2xlcyI6Imd1ZXN0IiwiaWF0IjoxNjk2OTExNTM1LCJleHAiOjE2OTY5MTIxMzV9.D2KwunOZVY2jN9aDg-siyuOtlFSnFZ8KspbKSIAo9Zg","refreshToken":"7e66a5dc-acdd-4dac-86e5-b847c0a03c0c"} - 301
POST /api/auth/refresh 401 206.852 ms - 37 {"accessToken":"eyJhbGciOiJIUzI1NiIsInR5cCI6IkpXVCJ9.eyJ1c2VySWQiOiJlZTI2M2M4YS0yOWI5LTQ3YzYtODc0Yi0zYWM1OTRkMjg5MzgiLCJyb2xlcyI6Imd1ZXN0IiwiaWF0IjoxNjk2OTExNTM1LCJleHAiOjE2OTY5MTIxMzV9.D2KwunOZVY2jN9aDg-siyuOtlFSnFZ8KspbKSIAo9Zg","refreshToken":"7e66a5dc-acdd-4dac-86e5-b847c0a03c0c"} - 301
POST /api/auth/ 200 302.745 ms - 306 {"username":"admin","password":"admin"} - 55
POST /api/auth/refresh 401 458.711 ms - 37 {"accessToken":"eyJhbGciOiJIUzI1NiIsInR5cCI6IkpXVCJ9.eyJ1c2VySWQiOiJlZTI2M2M4YS0yOWI5LTQ3YzYtODc0Yi0zYWM1OTRkMjg5MzgiLCJyb2xlcyI6Imd1ZXN0IiwiaWF0IjoxNjk2OTExNTM1LCJleHAiOjE2OTY5MTIxMzV9.D2KwunOZVY2jN9aDg-siyuOtlFSnFZ8KspbKSIAo9Zg","refreshToken":"7e66a5dc-acdd-4dac-86e5-b847c0a03c0c"} - 301
POST /api/auth/ 200 224.306 ms - 306 {"username":"admin","password":"admin"} - 55
